# JRE version: OpenJDK Runtime Environment (17.0.11) (build 17.0.11+0--11852314)
# Java VM: OpenJDK 64-Bit Server VM (17.0.11+0--11852314, mixed mode, tiered, compressed oops, compressed class ptrs, g1 gc, windows-amd64)
GC Precious Log:
 CPUs: 8 total, 8 available
 Memory: 16344M
 Large Page Support: Disabled
 NUMA Support: Disabled
 Compressed Oops: Enabled (32-bit)
 Heap Region Size: 1M
 Heap Min Capacity: 8M
 Heap Initial Capacity: 256M
 Heap Max Capacity: 2G
 Pre-touch: Disabled
 Parallel Workers: 8
 Concurrent Workers: 2
 Concurrent Refinement Workers: 8
 Periodic GC: Disabled
Heap:
 garbage-first heap   total 71680K, used 39115K [0x0000000080000000, 0x0000000100000000)
  region size 1024K, 9 young (9216K), 2 survivors (2048K)
 Metaspace       used 49595K, committed 50048K, reserved 1114112K
  class space    used 6790K, committed 6976K, reserved 1048576K
GC Heap History (20 events):
Event: 1.568 GC heap before
{Heap before GC invocations=1 (full 0):
 garbage-first heap   total 262144K, used 38159K [0x0000000080000000, 0x0000000100000000)
  region size 1024K, 30 young (30720K), 3 survivors (3072K)
 Metaspace       used 11483K, committed 11648K, reserved 1114112K
  class space    used 1200K, committed 1280K, reserved 1048576K
}
Event: 1.571 GC heap after
{Heap after GC invocations=2 (full 0):
 garbage-first heap   total 262144K, used 11229K [0x0000000080000000, 0x0000000100000000)
  region size 1024K, 1 young (1024K), 1 survivors (1024K)
 Metaspace       used 11483K, committed 11648K, reserved 1114112K
  class space    used 1200K, committed 1280K, reserved 1048576K
}
Event: 2.633 GC heap before
{Heap before GC invocations=2 (full 0):
 garbage-first heap   total 262144K, used 62429K [0x0000000080000000, 0x0000000100000000)
  region size 1024K, 51 young (52224K), 1 survivors (1024K)
 Metaspace       used 21256K, committed 21504K, reserved 1114112K
  class space    used 2489K, committed 2624K, reserved 1048576K
}
Event: 2.641 GC heap after
{Heap after GC invocations=3 (full 0):
 garbage-first heap   total 262144K, used 19215K [0x0000000080000000, 0x0000000100000000)
  region size 1024K, 9 young (9216K), 9 survivors (9216K)
 Metaspace       used 21256K, committed 21504K, reserved 1114112K
  class space    used 2489K, committed 2624K, reserved 1048576K
}
Event: 3.295 GC heap before
{Heap before GC invocations=4 (full 0):
 garbage-first heap   total 71680K, used 53007K [0x0000000080000000, 0x0000000100000000)
  region size 1024K, 42 young (43008K), 9 survivors (9216K)
 Metaspace       used 26328K, committed 26624K, reserved 1114112K
  class space    used 3348K, committed 3456K, reserved 1048576K
}
Event: 3.301 GC heap after
{Heap after GC invocations=5 (full 0):
 garbage-first heap   total 71680K, used 20444K [0x0000000080000000, 0x0000000100000000)
  region size 1024K, 2 young (2048K), 2 survivors (2048K)
 Metaspace       used 26328K, committed 26624K, reserved 1114112K
  class space    used 3348K, committed 3456K, reserved 1048576K
}
Event: 3.796 GC heap before
{Heap before GC invocations=5 (full 0):
 garbage-first heap   total 71680K, used 49116K [0x0000000080000000, 0x0000000100000000)
  region size 1024K, 30 young (30720K), 2 survivors (2048K)
 Metaspace       used 30121K, committed 30464K, reserved 1114112K
  class space    used 3983K, committed 4160K, reserved 1048576K
}
Event: 3.800 GC heap after
{Heap after GC invocations=6 (full 0):
 garbage-first heap   total 71680K, used 22140K [0x0000000080000000, 0x0000000100000000)
  region size 1024K, 4 young (4096K), 4 survivors (4096K)
 Metaspace       used 30121K, committed 30464K, reserved 1114112K
  class space    used 3983K, committed 4160K, reserved 1048576K
}
Event: 4.318 GC heap before
{Heap before GC invocations=6 (full 0):
 garbage-first heap   total 71680K, used 50812K [0x0000000080000000, 0x0000000100000000)
  region size 1024K, 32 young (32768K), 4 survivors (4096K)
 Metaspace       used 33749K, committed 34048K, reserved 1114112K
  class space    used 4579K, committed 4736K, reserved 1048576K
}
Event: 4.323 GC heap after
{Heap after GC invocations=7 (full 0):
 garbage-first heap   total 71680K, used 23542K [0x0000000080000000, 0x0000000100000000)
  region size 1024K, 4 young (4096K), 4 survivors (4096K)
 Metaspace       used 33749K, committed 34048K, reserved 1114112K
  class space    used 4579K, committed 4736K, reserved 1048576K
}
Event: 4.569 GC heap before
{Heap before GC invocations=7 (full 0):
 garbage-first heap   total 71680K, used 35830K [0x0000000080000000, 0x0000000100000000)
  region size 1024K, 17 young (17408K), 4 survivors (4096K)
 Metaspace       used 35732K, committed 36096K, reserved 1114112K
  class space    used 4866K, committed 5056K, reserved 1048576K
}
Event: 4.572 GC heap after
{Heap after GC invocations=8 (full 0):
 garbage-first heap   total 71680K, used 24035K [0x0000000080000000, 0x0000000100000000)
  region size 1024K, 2 young (2048K), 2 survivors (2048K)
 Metaspace       used 35732K, committed 36096K, reserved 1114112K
  class space    used 4866K, committed 5056K, reserved 1048576K
}
Event: 5.269 GC heap before
{Heap before GC invocations=9 (full 0):
 garbage-first heap   total 71680K, used 53731K [0x0000000080000000, 0x0000000100000000)
  region size 1024K, 32 young (32768K), 2 survivors (2048K)
 Metaspace       used 41337K, committed 41728K, reserved 1114112K
  class space    used 5472K, committed 5632K, reserved 1048576K
}
Event: 5.275 GC heap after
{Heap after GC invocations=10 (full 0):
 garbage-first heap   total 71680K, used 27684K [0x0000000080000000, 0x0000000100000000)
  region size 1024K, 4 young (4096K), 4 survivors (4096K)
 Metaspace       used 41337K, committed 41728K, reserved 1114112K
  class space    used 5472K, committed 5632K, reserved 1048576K
}
Event: 5.668 GC heap before
{Heap before GC invocations=10 (full 0):
 garbage-first heap   total 71680K, used 54308K [0x0000000080000000, 0x0000000100000000)
  region size 1024K, 30 young (30720K), 4 survivors (4096K)
 Metaspace       used 42436K, committed 42880K, reserved 1114112K
  class space    used 5647K, committed 5824K, reserved 1048576K
}
Event: 5.676 GC heap after
{Heap after GC invocations=11 (full 0):
 garbage-first heap   total 71680K, used 29575K [0x0000000080000000, 0x0000000100000000)
  region size 1024K, 2 young (2048K), 2 survivors (2048K)
 Metaspace       used 42436K, committed 42880K, reserved 1114112K
  class space    used 5647K, committed 5824K, reserved 1048576K
}
Event: 6.244 GC heap before
{Heap before GC invocations=11 (full 0):
 garbage-first heap   total 71680K, used 54151K [0x0000000080000000, 0x0000000100000000)
  region size 1024K, 27 young (27648K), 2 survivors (2048K)
 Metaspace       used 45421K, committed 45888K, reserved 1114112K
  class space    used 6146K, committed 6400K, reserved 1048576K
}
Event: 6.248 GC heap after
{Heap after GC invocations=12 (full 0):
 garbage-first heap   total 71680K, used 31594K [0x0000000080000000, 0x0000000100000000)
  region size 1024K, 4 young (4096K), 4 survivors (4096K)
 Metaspace       used 45421K, committed 45888K, reserved 1114112K
  class space    used 6146K, committed 6400K, reserved 1048576K
}
Event: 6.942 GC heap before
{Heap before GC invocations=12 (full 0):
 garbage-first heap   total 71680K, used 56170K [0x0000000080000000, 0x0000000100000000)
  region size 1024K, 28 young (28672K), 4 survivors (4096K)
 Metaspace       used 48514K, committed 48960K, reserved 1114112K
  class space    used 6631K, committed 6848K, reserved 1048576K
}
Event: 6.946 GC heap after
{Heap after GC invocations=13 (full 0):
 garbage-first heap   total 71680K, used 32971K [0x0000000080000000, 0x0000000100000000)
  region size 1024K, 2 young (2048K), 2 survivors (2048K)
 Metaspace       used 48514K, committed 48960K, reserved 1114112K
  class space    used 6631K, committed 6848K, reserved 1048576K
}

